<?xml version="1.0" encoding="UTF-8"?>
<testsuite name="com.example.rest_service.RestServiceApplicationTests" tests="1" skipped="0" failures="0" errors="0" timestamp="2025-03-03T11:00:35" hostname="ps-MacBook-Air.local" time="0.33">
  <properties/>
  <testcase name="contextLoads()" classname="com.example.rest_service.RestServiceApplicationTests" time="0.33"/>
  <system-out><![CDATA[19:00:35.233 [Test worker] INFO org.springframework.test.context.support.AnnotationConfigContextLoaderUtils -- Could not detect default configuration classes for test class [com.example.rest_service.RestServiceApplicationTests]: RestServiceApplicationTests does not declare any static, non-private, non-final, nested classes annotated with @Configuration.
19:00:35.264 [Test worker] INFO org.springframework.boot.test.context.SpringBootTestContextBootstrapper -- Found @SpringBootConfiguration com.example.rest_service.RestServiceApplication for test class com.example.rest_service.RestServiceApplicationTests

  .   ____          _            __ _ _
 /\\ / ___'_ __ _ _(_)_ __  __ _ \ \ \ \
( ( )\___ | '_ | '_| | '_ \/ _` | \ \ \ \
 \\/  ___)| |_)| | | | | || (_| |  ) ) ) )
  '  |____| .__|_| |_|_| |_\__, | / / / /
 =========|_|==============|___/=/_/_/_/

 :: Spring Boot ::                (v3.4.3)

2025-03-03T19:00:35.382+08:00  INFO 36220 --- [rest-service] [    Test worker] c.e.r.RestServiceApplicationTests        : Starting RestServiceApplicationTests using Java 18.0.2 with PID 36220 (started by plh in /Users/plh/study/chat/packages/backend-java-restful)
2025-03-03T19:00:35.383+08:00  INFO 36220 --- [rest-service] [    Test worker] c.e.r.RestServiceApplicationTests        : No active profile set, falling back to 1 default profile: "default"
2025-03-03T19:00:35.688+08:00  INFO 36220 --- [rest-service] [    Test worker] c.e.r.RestServiceApplicationTests        : Started RestServiceApplicationTests in 0.378 seconds (process running for 0.713)
]]></system-out>
  <system-err><![CDATA[]]></system-err>
</testsuite>
